{"C:\\Users\\Александра\\Desktop\\projects\\products\\products-table\\src\\components\\landing\\landing-component.html": {"path":"C:\\Users\\Александра\\Desktop\\projects\\products\\products-table\\src\\components\\landing\\landing-component.html","statementMap":{"0":{"start":{"line":34,"column":12},"end":{"line":35,"column":null}},"1":{"start":{"line":37,"column":18},"end":{"line":37,"column":23}},"2":{"start":{"line":38,"column":16},"end":{"line":38,"column":null}},"3":{"start":{"line":40,"column":16},"end":{"line":40,"column":null}},"4":{"start":{"line":42,"column":20},"end":{"line":42,"column":null}},"5":{"start":{"line":43,"column":18},"end":{"line":43,"column":null}},"6":{"start":{"line":45,"column":18},"end":{"line":45,"column":null}},"7":{"start":{"line":46,"column":20},"end":{"line":46,"column":null}},"8":{"start":{"line":47,"column":18},"end":{"line":49,"column":null}},"9":{"start":{"line":34,"column":15},"end":{"line":34,"column":79}},"10":{"start":{"line":37,"column":23},"end":{"line":37,"column":48}},"11":{"start":{"line":37,"column":23},"end":{"line":37,"column":null}},"12":{"start":{"line":1,"column":0},"end":{"line":3,"column":null}},"13":{"start":{"line":4,"column":30},"end":{"line":4,"column":43}},"14":{"start":{"line":4,"column":43},"end":{"line":4,"column":null}},"15":{"start":{"line":6,"column":6},"end":{"line":6,"column":null}},"16":{"start":{"line":7,"column":8},"end":{"line":7,"column":null}},"17":{"start":{"line":8,"column":6},"end":{"line":8,"column":null}},"18":{"start":{"line":10,"column":6},"end":{"line":10,"column":null}},"19":{"start":{"line":11,"column":8},"end":{"line":11,"column":null}},"20":{"start":{"line":13,"column":6},"end":{"line":13,"column":null}},"21":{"start":{"line":15,"column":6},"end":{"line":15,"column":null}},"22":{"start":{"line":16,"column":8},"end":{"line":16,"column":null}},"23":{"start":{"line":17,"column":6},"end":{"line":19,"column":null}},"24":{"start":{"line":22,"column":0},"end":{"line":25,"column":null}},"25":{"start":{"line":26,"column":32},"end":{"line":26,"column":49}},"26":{"start":{"line":26,"column":49},"end":{"line":26,"column":null}},"27":{"start":{"line":28,"column":4},"end":{"line":28,"column":null}},"28":{"start":{"line":29,"column":62},"end":{"line":29,"column":84}},"29":{"start":{"line":29,"column":62},"end":{"line":29,"column":71}},"30":{"start":{"line":29,"column":84},"end":{"line":29,"column":88}},"31":{"start":{"line":29,"column":88},"end":{"line":29,"column":null}},"32":{"start":{"line":31,"column":6},"end":{"line":31,"column":null}},"33":{"start":{"line":33,"column":10},"end":{"line":33,"column":null}},"34":{"start":{"line":52,"column":8},"end":{"line":52,"column":null}},"35":{"start":{"line":55,"column":6},"end":{"line":55,"column":62}},"36":{"start":{"line":55,"column":62},"end":{"line":55,"column":84}},"37":{"start":{"line":55,"column":62},"end":{"line":55,"column":71}},"38":{"start":{"line":55,"column":84},"end":{"line":55,"column":88}},"39":{"start":{"line":55,"column":88},"end":{"line":57,"column":null}},"40":{"start":{"line":23,"column":18},"end":{"line":23,"column":null}},"41":{"start":{"line":32,"column":37},"end":{"line":32,"column":null}}},"fnMap":{"0":{"name":"LandingComponent_Template_button_click_16_listener","decl":{"start":{"line":29,"column":62},"end":{"line":29,"column":71}},"loc":{"start":{"line":29,"column":62},"end":{"line":29,"column":84}},"line":29},"1":{"name":"LandingComponent_Template_button_click_22_listener","decl":{"start":{"line":55,"column":62},"end":{"line":55,"column":71}},"loc":{"start":{"line":55,"column":62},"end":{"line":55,"column":84}},"line":55}},"branchMap":{},"s":{"0":0,"1":0,"2":0,"3":0,"4":0,"5":0,"6":0,"7":0,"8":0,"9":0,"10":0,"11":0,"12":2,"13":2,"14":2,"15":2,"16":2,"17":2,"18":2,"19":2,"20":2,"21":2,"22":2,"23":2,"24":2,"25":2,"26":2,"27":2,"28":0,"29":0,"30":2,"31":2,"32":2,"33":0,"34":2,"35":2,"36":0,"37":0,"38":2,"39":2,"40":0,"41":0},"f":{"0":0,"1":0},"b":{},"meta":{"lastBranch":0,"lastFunction":2,"lastStatement":42,"seen":{"s:34:12:35:Infinity":0,"s:37:18:37:23":1,"s:38:16:38:Infinity":2,"s:40:16:40:Infinity":3,"s:42:20:42:Infinity":4,"s:43:18:43:Infinity":5,"s:45:18:45:Infinity":6,"s:46:20:46:Infinity":7,"s:47:18:49:Infinity":8,"s:34:15:34:79":9,"s:37:23:37:48":10,"s:37:23:37:Infinity":11,"s:1:0:3:Infinity":12,"s:4:30:4:43":13,"s:4:43:4:Infinity":14,"s:6:6:6:Infinity":15,"s:7:8:7:Infinity":16,"s:8:6:8:Infinity":17,"s:10:6:10:Infinity":18,"s:11:8:11:Infinity":19,"s:13:6:13:Infinity":20,"s:15:6:15:Infinity":21,"s:16:8:16:Infinity":22,"s:17:6:19:Infinity":23,"s:22:0:25:Infinity":24,"s:26:32:26:49":25,"s:26:49:26:Infinity":26,"s:28:4:28:Infinity":27,"s:29:62:29:84":28,"f:29:62:29:71":0,"s:29:62:29:71":29,"s:29:84:29:88":30,"s:29:88:29:Infinity":31,"s:31:6:31:Infinity":32,"s:33:10:33:Infinity":33,"s:52:8:52:Infinity":34,"s:55:6:55:62":35,"s:55:62:55:84":36,"f:55:62:55:71":1,"s:55:62:55:71":37,"s:55:84:55:88":38,"s:55:88:57:Infinity":39,"s:23:18:23:Infinity":40,"s:32:37:32:Infinity":41}}}
,"C:\\Users\\Александра\\Desktop\\projects\\products\\products-table\\src\\components\\landing\\landing-component.ts": {"path":"C:\\Users\\Александра\\Desktop\\projects\\products\\products-table\\src\\components\\landing\\landing-component.ts","statementMap":{"0":{"start":{"line":15,"column":6},"end":{"line":9,"column":23}},"1":{"start":{"line":16,"column":11},"end":{"line":16,"column":null}},"2":{"start":{"line":17,"column":11},"end":{"line":17,"column":null}},"3":{"start":{"line":18,"column":11},"end":{"line":18,"column":null}},"4":{"start":{"line":19,"column":11},"end":{"line":19,"column":null}},"5":{"start":{"line":20,"column":11},"end":{"line":20,"column":null}},"6":{"start":{"line":21,"column":11},"end":{"line":21,"column":null}},"7":{"start":{"line":21,"column":33},"end":{"line":21,"column":58}},"8":{"start":{"line":22,"column":11},"end":{"line":25,"column":null}},"9":{"start":{"line":23,"column":18},"end":{"line":23,"column":null}},"10":{"start":{"line":24,"column":4},"end":{"line":24,"column":null}},"11":{"start":{"line":26,"column":11},"end":{"line":26,"column":null}},"12":{"start":{"line":26,"column":38},"end":{"line":26,"column":91}},"13":{"start":{"line":28,"column":11},"end":{"line":32,"column":null}},"14":{"start":{"line":30,"column":20},"end":{"line":30,"column":33}},"15":{"start":{"line":36,"column":20},"end":{"line":36,"column":null}},"16":{"start":{"line":37,"column":21},"end":{"line":37,"column":null}},"17":{"start":{"line":39,"column":4},"end":{"line":41,"column":null}},"18":{"start":{"line":40,"column":6},"end":{"line":40,"column":null}},"19":{"start":{"line":43,"column":4},"end":{"line":46,"column":null}},"20":{"start":{"line":44,"column":6},"end":{"line":44,"column":null}},"21":{"start":{"line":45,"column":6},"end":{"line":45,"column":null}},"22":{"start":{"line":48,"column":4},"end":{"line":48,"column":null}},"23":{"start":{"line":48,"column":40},"end":{"line":48,"column":49}},"24":{"start":{"line":52,"column":21},"end":{"line":52,"column":null}},"25":{"start":{"line":54,"column":4},"end":{"line":56,"column":null}},"26":{"start":{"line":55,"column":6},"end":{"line":55,"column":null}},"27":{"start":{"line":58,"column":4},"end":{"line":61,"column":null}},"28":{"start":{"line":59,"column":6},"end":{"line":59,"column":null}},"29":{"start":{"line":60,"column":6},"end":{"line":60,"column":null}},"30":{"start":{"line":63,"column":4},"end":{"line":63,"column":null}},"31":{"start":{"line":63,"column":40},"end":{"line":63,"column":62}},"32":{"start":{"line":15,"column":13},"end":{"line":15,"column":null}},"33":{"start":{"line":15,"column":13},"end":{"line":9,"column":23}},"34":{"start":{"line":15,"column":29},"end":{"line":57,"column":null}},"35":{"start":{"line":15,"column":13},"end":{"line":13,"column":null}}},"fnMap":{"0":{"name":"(anonymous_0)","decl":{"start":{"line":7,"column":0},"end":{"line":7,"column":1}},"loc":{"start":{"line":7,"column":0},"end":{"line":32,"column":null}},"line":7},"1":{"name":"(anonymous_1)","decl":{"start":{"line":21,"column":27},"end":{"line":21,"column":33}},"loc":{"start":{"line":21,"column":33},"end":{"line":21,"column":58}},"line":21},"2":{"name":"(anonymous_2)","decl":{"start":{"line":22,"column":31},"end":{"line":22,"column":36}},"loc":{"start":{"line":22,"column":36},"end":{"line":25,"column":3}},"line":22},"3":{"name":"(anonymous_3)","decl":{"start":{"line":26,"column":32},"end":{"line":26,"column":38}},"loc":{"start":{"line":26,"column":38},"end":{"line":26,"column":91}},"line":26},"4":{"name":"(anonymous_4)","decl":{"start":{"line":30,"column":10},"end":{"line":30,"column":11}},"loc":{"start":{"line":30,"column":20},"end":{"line":30,"column":33}},"line":30},"5":{"name":"(anonymous_5)","decl":{"start":{"line":35,"column":2},"end":{"line":35,"column":11}},"loc":{"start":{"line":35,"column":11},"end":{"line":49,"column":null}},"line":35},"6":{"name":"(anonymous_6)","decl":{"start":{"line":48,"column":29},"end":{"line":48,"column":30}},"loc":{"start":{"line":48,"column":40},"end":{"line":48,"column":49}},"line":48},"7":{"name":"(anonymous_7)","decl":{"start":{"line":51,"column":2},"end":{"line":51,"column":11}},"loc":{"start":{"line":51,"column":11},"end":{"line":64,"column":null}},"line":51},"8":{"name":"(anonymous_8)","decl":{"start":{"line":63,"column":29},"end":{"line":63,"column":30}},"loc":{"start":{"line":63,"column":40},"end":{"line":63,"column":62}},"line":63},"9":{"name":"(anonymous_9)","decl":{"start":{"line":15,"column":29},"end":{"line":15,"column":null}},"loc":{"start":{"line":15,"column":29},"end":{"line":9,"column":22}},"line":15}},"branchMap":{"0":{"loc":{"start":{"line":17,"column":34},"end":{"line":17,"column":null}},"type":"cond-expr","locations":[{"start":{"line":17,"column":34},"end":{"line":17,"column":null}},{"start":{"line":17,"column":34},"end":{"line":17,"column":null}}],"line":17},"1":{"loc":{"start":{"line":20,"column":29},"end":{"line":20,"column":null}},"type":"cond-expr","locations":[{"start":{"line":20,"column":29},"end":{"line":20,"column":null}},{"start":{"line":20,"column":29},"end":{"line":20,"column":null}}],"line":20},"2":{"loc":{"start":{"line":21,"column":58},"end":{"line":21,"column":null}},"type":"cond-expr","locations":[{"start":{"line":21,"column":58},"end":{"line":21,"column":null}},{"start":{"line":21,"column":58},"end":{"line":21,"column":null}}],"line":21},"3":{"loc":{"start":{"line":25,"column":3},"end":{"line":25,"column":null}},"type":"cond-expr","locations":[{"start":{"line":25,"column":3},"end":{"line":25,"column":null}},{"start":{"line":25,"column":3},"end":{"line":25,"column":null}}],"line":25},"4":{"loc":{"start":{"line":26,"column":91},"end":{"line":26,"column":null}},"type":"cond-expr","locations":[{"start":{"line":26,"column":91},"end":{"line":26,"column":null}},{"start":{"line":26,"column":91},"end":{"line":26,"column":null}}],"line":26},"5":{"loc":{"start":{"line":39,"column":4},"end":{"line":41,"column":null}},"type":"if","locations":[{"start":{"line":39,"column":4},"end":{"line":41,"column":null}},{"start":{},"end":{}}],"line":39},"6":{"loc":{"start":{"line":43,"column":4},"end":{"line":46,"column":null}},"type":"if","locations":[{"start":{"line":43,"column":4},"end":{"line":46,"column":null}},{"start":{},"end":{}}],"line":43},"7":{"loc":{"start":{"line":54,"column":4},"end":{"line":56,"column":null}},"type":"if","locations":[{"start":{"line":54,"column":4},"end":{"line":56,"column":null}},{"start":{},"end":{}}],"line":54},"8":{"loc":{"start":{"line":58,"column":4},"end":{"line":61,"column":null}},"type":"if","locations":[{"start":{"line":58,"column":4},"end":{"line":61,"column":null}},{"start":{},"end":{}}],"line":58},"9":{"loc":{"start":{"line":15,"column":13},"end":{"line":15,"column":29}},"type":"binary-expr","locations":[{"start":{"line":15,"column":13},"end":{"line":15,"column":29}},{"start":{"line":15,"column":13},"end":{"line":15,"column":29}}],"line":15},"10":{"loc":{"start":{"line":15,"column":29},"end":{"line":57,"column":null}},"type":"if","locations":[{"start":{"line":15,"column":29},"end":{"line":57,"column":null}},{"start":{},"end":{}}],"line":15},"11":{"loc":{"start":{"line":15,"column":13},"end":{"line":13,"column":null}},"type":"binary-expr","locations":[{"start":{"line":15,"column":13},"end":{"line":15,"column":29}},{"start":{"line":15,"column":13},"end":{"line":15,"column":29}},{"start":{"line":15,"column":13},"end":{"line":13,"column":null}}],"line":15},"12":{"loc":{"start":{"line":15,"column":13},"end":{"line":15,"column":null}},"type":"binary-expr","locations":[{"start":{"line":15,"column":13},"end":{"line":15,"column":29}},{"start":{"line":15,"column":13},"end":{"line":15,"column":29}},{"start":{"line":15,"column":13},"end":{"line":15,"column":null}}],"line":15}},"s":{"0":1,"1":2,"2":2,"3":2,"4":2,"5":2,"6":2,"7":0,"8":2,"9":2,"10":2,"11":2,"12":0,"13":2,"14":2,"15":2,"16":2,"17":2,"18":0,"19":2,"20":1,"21":1,"22":1,"23":1,"24":1,"25":1,"26":0,"27":1,"28":1,"29":1,"30":0,"31":0,"32":1,"33":1,"34":2,"35":1},"f":{"0":2,"1":0,"2":2,"3":0,"4":2,"5":2,"6":1,"7":1,"8":0,"9":1},"b":{"0":[2,0],"1":[2,0],"2":[2,0],"3":[2,0],"4":[2,0],"5":[0,2],"6":[1,1],"7":[0,1],"8":[1,0],"9":[2,2],"10":[2,0],"11":[1,1,1],"12":[1,1,1]},"meta":{"lastBranch":13,"lastFunction":10,"lastStatement":36,"seen":{"s:15:6:9:23":0,"f:7:0:7:1":0,"s:16:11:16:Infinity":1,"s:17:11:17:Infinity":2,"b:17:34:17:Infinity:17:34:17:Infinity":0,"s:18:11:18:Infinity":3,"s:19:11:19:Infinity":4,"s:20:11:20:Infinity":5,"b:20:29:20:Infinity:20:29:20:Infinity":1,"s:21:11:21:Infinity":6,"f:21:27:21:33":1,"s:21:33:21:58":7,"b:21:58:21:Infinity:21:58:21:Infinity":2,"s:22:11:25:Infinity":8,"f:22:31:22:36":2,"s:23:18:23:Infinity":9,"s:24:4:24:Infinity":10,"b:25:3:25:Infinity:25:3:25:Infinity":3,"s:26:11:26:Infinity":11,"f:26:32:26:38":3,"s:26:38:26:91":12,"b:26:91:26:Infinity:26:91:26:Infinity":4,"s:28:11:32:Infinity":13,"f:30:10:30:11":4,"s:30:20:30:33":14,"f:35:2:35:11":5,"s:36:20:36:Infinity":15,"s:37:21:37:Infinity":16,"b:39:4:41:Infinity:undefined:undefined:undefined:undefined":5,"s:39:4:41:Infinity":17,"s:40:6:40:Infinity":18,"b:43:4:46:Infinity:undefined:undefined:undefined:undefined":6,"s:43:4:46:Infinity":19,"s:44:6:44:Infinity":20,"s:45:6:45:Infinity":21,"s:48:4:48:Infinity":22,"f:48:29:48:30":6,"s:48:40:48:49":23,"f:51:2:51:11":7,"s:52:21:52:Infinity":24,"b:54:4:56:Infinity:undefined:undefined:undefined:undefined":7,"s:54:4:56:Infinity":25,"s:55:6:55:Infinity":26,"b:58:4:61:Infinity:undefined:undefined:undefined:undefined":8,"s:58:4:61:Infinity":27,"s:59:6:59:Infinity":28,"s:60:6:60:Infinity":29,"s:63:4:63:Infinity":30,"f:63:29:63:30":8,"s:63:40:63:62":31,"s:15:13:15:Infinity":32,"b:15:13:15:29:15:13:15:29":9,"s:15:13:9:23":33,"f:15:29:15:Infinity":9,"b:15:29:57:Infinity:undefined:undefined:undefined:undefined":10,"s:15:29:57:Infinity":34,"s:15:13:13:Infinity":35,"b:15:13:15:29:15:13:15:29:15:13:13:Infinity":11,"b:15:13:15:29:15:13:15:29:15:13:15:Infinity":12}}}
,"C:\\Users\\Александра\\Desktop\\projects\\products\\products-table\\src\\components\\pagination\\pagination-component.html": {"path":"C:\\Users\\Александра\\Desktop\\projects\\products\\products-table\\src\\components\\pagination\\pagination-component.html","statementMap":{"0":{"start":{"line":13,"column":6},"end":{"line":13,"column":null}},"1":{"start":{"line":18,"column":8},"end":{"line":18,"column":null}},"2":{"start":{"line":18,"column":8},"end":{"line":18,"column":17}},"3":{"start":{"line":20,"column":8},"end":{"line":20,"column":null}},"4":{"start":{"line":21,"column":6},"end":{"line":21,"column":null}},"5":{"start":{"line":16,"column":8},"end":{"line":16,"column":null}},"6":{"start":{"line":1,"column":0},"end":{"line":1,"column":null}},"7":{"start":{"line":6,"column":4},"end":{"line":6,"column":null}},"8":{"start":{"line":6,"column":4},"end":{"line":6,"column":27}},"9":{"start":{"line":8,"column":4},"end":{"line":8,"column":null}},"10":{"start":{"line":9,"column":2},"end":{"line":9,"column":null}},"11":{"start":{"line":11,"column":2},"end":{"line":11,"column":null}},"12":{"start":{"line":12,"column":4},"end":{"line":12,"column":null}},"13":{"start":{"line":23,"column":2},"end":{"line":23,"column":null}},"14":{"start":{"line":25,"column":2},"end":{"line":25,"column":null}},"15":{"start":{"line":29,"column":4},"end":{"line":29,"column":null}},"16":{"start":{"line":29,"column":4},"end":{"line":29,"column":23}},"17":{"start":{"line":31,"column":4},"end":{"line":31,"column":null}},"18":{"start":{"line":32,"column":2},"end":{"line":32,"column":null}},"19":{"start":{"line":5,"column":4},"end":{"line":5,"column":null}},"20":{"start":{"line":28,"column":4},"end":{"line":28,"column":null}}},"fnMap":{"0":{"name":"PaginationComponent_For_5_Template_button_click_0_listener","decl":{"start":{"line":18,"column":8},"end":{"line":18,"column":17}},"loc":{"start":{"line":18,"column":8},"end":{"line":18,"column":null}},"line":18},"1":{"name":"PaginationComponent_Template_button_click_1_listener","decl":{"start":{"line":6,"column":4},"end":{"line":6,"column":13}},"loc":{"start":{"line":6,"column":4},"end":{"line":6,"column":null}},"line":6},"2":{"name":"PaginationComponent_Template_button_click_6_listener","decl":{"start":{"line":29,"column":4},"end":{"line":29,"column":13}},"loc":{"start":{"line":29,"column":4},"end":{"line":29,"column":null}},"line":29}},"branchMap":{},"s":{"0":25,"1":0,"2":0,"3":25,"4":25,"5":25,"6":8,"7":8,"8":0,"9":8,"10":8,"11":8,"12":8,"13":8,"14":8,"15":8,"16":0,"17":8,"18":8,"19":8,"20":8},"f":{"0":0,"1":0,"2":0},"b":{},"meta":{"lastBranch":0,"lastFunction":3,"lastStatement":21,"seen":{"s:13:6:13:Infinity":0,"s:18:8:18:Infinity":1,"f:18:8:18:17":0,"s:18:8:18:17":2,"s:20:8:20:Infinity":3,"s:21:6:21:Infinity":4,"s:16:8:16:Infinity":5,"s:1:0:1:Infinity":6,"s:6:4:6:Infinity":7,"f:6:4:6:13":1,"s:6:4:6:27":8,"s:8:4:8:Infinity":9,"s:9:2:9:Infinity":10,"s:11:2:11:Infinity":11,"s:12:4:12:Infinity":12,"s:23:2:23:Infinity":13,"s:25:2:25:Infinity":14,"s:29:4:29:Infinity":15,"f:29:4:29:13":2,"s:29:4:29:23":16,"s:31:4:31:Infinity":17,"s:32:2:32:Infinity":18,"s:5:4:5:Infinity":19,"s:28:4:28:Infinity":20}}}
,"C:\\Users\\Александра\\Desktop\\projects\\products\\products-table\\src\\components\\pagination\\pagination-component.ts": {"path":"C:\\Users\\Александра\\Desktop\\projects\\products\\products-table\\src\\components\\pagination\\pagination-component.ts","statementMap":{"0":{"start":{"line":10,"column":6},"end":{"line":28,"column":null}},"1":{"start":{"line":11,"column":11},"end":{"line":11,"column":null}},"2":{"start":{"line":12,"column":11},"end":{"line":12,"column":null}},"3":{"start":{"line":13,"column":11},"end":{"line":13,"column":null}},"4":{"start":{"line":15,"column":12},"end":{"line":15,"column":null}},"5":{"start":{"line":18,"column":4},"end":{"line":20,"column":null}},"6":{"start":{"line":19,"column":6},"end":{"line":19,"column":null}},"7":{"start":{"line":24,"column":4},"end":{"line":26,"column":null}},"8":{"start":{"line":25,"column":6},"end":{"line":25,"column":null}},"9":{"start":{"line":30,"column":4},"end":{"line":32,"column":null}},"10":{"start":{"line":31,"column":6},"end":{"line":31,"column":null}},"11":{"start":{"line":10,"column":13},"end":{"line":10,"column":null}},"12":{"start":{"line":10,"column":13},"end":{"line":28,"column":null}},"13":{"start":{"line":10,"column":32},"end":{"line":32,"column":null}},"14":{"start":{"line":10,"column":13},"end":{"line":15,"column":12}}},"fnMap":{"0":{"name":"(anonymous_0)","decl":{"start":{"line":3,"column":0},"end":{"line":3,"column":1}},"loc":{"start":{"line":3,"column":0},"end":{"line":15,"column":null}},"line":3},"1":{"name":"(anonymous_1)","decl":{"start":{"line":17,"column":2},"end":{"line":17,"column":14}},"loc":{"start":{"line":17,"column":14},"end":{"line":21,"column":null}},"line":17},"2":{"name":"(anonymous_2)","decl":{"start":{"line":23,"column":2},"end":{"line":23,"column":11}},"loc":{"start":{"line":23,"column":23},"end":{"line":27,"column":null}},"line":23},"3":{"name":"(anonymous_3)","decl":{"start":{"line":29,"column":2},"end":{"line":29,"column":10}},"loc":{"start":{"line":29,"column":10},"end":{"line":33,"column":null}},"line":29},"4":{"name":"(anonymous_4)","decl":{"start":{"line":10,"column":32},"end":{"line":10,"column":null}},"loc":{"start":{"line":10,"column":32},"end":{"line":28,"column":null}},"line":10}},"branchMap":{"0":{"loc":{"start":{"line":18,"column":4},"end":{"line":20,"column":null}},"type":"if","locations":[{"start":{"line":18,"column":4},"end":{"line":20,"column":null}},{"start":{},"end":{}}],"line":18},"1":{"loc":{"start":{"line":24,"column":4},"end":{"line":26,"column":null}},"type":"if","locations":[{"start":{"line":24,"column":4},"end":{"line":26,"column":null}},{"start":{},"end":{}}],"line":24},"2":{"loc":{"start":{"line":30,"column":4},"end":{"line":32,"column":null}},"type":"if","locations":[{"start":{"line":30,"column":4},"end":{"line":32,"column":null}},{"start":{},"end":{}}],"line":30},"3":{"loc":{"start":{"line":10,"column":13},"end":{"line":10,"column":32}},"type":"binary-expr","locations":[{"start":{"line":10,"column":13},"end":{"line":10,"column":32}},{"start":{"line":10,"column":13},"end":{"line":10,"column":32}}],"line":10},"4":{"loc":{"start":{"line":10,"column":32},"end":{"line":32,"column":null}},"type":"if","locations":[{"start":{"line":10,"column":32},"end":{"line":32,"column":null}},{"start":{},"end":{}}],"line":10},"5":{"loc":{"start":{"line":10,"column":13},"end":{"line":15,"column":12}},"type":"binary-expr","locations":[{"start":{"line":10,"column":13},"end":{"line":10,"column":32}},{"start":{"line":10,"column":13},"end":{"line":10,"column":32}},{"start":{"line":10,"column":13},"end":{"line":15,"column":12}}],"line":10},"6":{"loc":{"start":{"line":10,"column":13},"end":{"line":10,"column":null}},"type":"binary-expr","locations":[{"start":{"line":10,"column":13},"end":{"line":10,"column":32}},{"start":{"line":10,"column":13},"end":{"line":10,"column":32}},{"start":{"line":10,"column":13},"end":{"line":10,"column":null}}],"line":10}},"s":{"0":2,"1":8,"2":8,"3":8,"4":8,"5":2,"6":1,"7":2,"8":1,"9":2,"10":1,"11":2,"12":2,"13":16,"14":2},"f":{"0":8,"1":2,"2":2,"3":2,"4":2},"b":{"0":[1,1],"1":[1,1],"2":[1,1],"3":[8,8],"4":[8,8],"5":[2,2,2],"6":[2,2,2]},"meta":{"lastBranch":7,"lastFunction":5,"lastStatement":15,"seen":{"s:10:6:28:Infinity":0,"f:3:0:3:1":0,"s:11:11:11:Infinity":1,"s:12:11:12:Infinity":2,"s:13:11:13:Infinity":3,"s:15:12:15:Infinity":4,"f:17:2:17:14":1,"b:18:4:20:Infinity:undefined:undefined:undefined:undefined":0,"s:18:4:20:Infinity":5,"s:19:6:19:Infinity":6,"f:23:2:23:11":2,"b:24:4:26:Infinity:undefined:undefined:undefined:undefined":1,"s:24:4:26:Infinity":7,"s:25:6:25:Infinity":8,"f:29:2:29:10":3,"b:30:4:32:Infinity:undefined:undefined:undefined:undefined":2,"s:30:4:32:Infinity":9,"s:31:6:31:Infinity":10,"s:10:13:10:Infinity":11,"b:10:13:10:32:10:13:10:32":3,"s:10:13:28:Infinity":12,"f:10:32:10:Infinity":4,"b:10:32:32:Infinity:undefined:undefined:undefined:undefined":4,"s:10:32:32:Infinity":13,"s:10:13:15:12":14,"b:10:13:10:32:10:13:10:32:10:13:15:12":5,"b:10:13:10:32:10:13:10:32:10:13:10:Infinity":6}}}
,"C:\\Users\\Александра\\Desktop\\projects\\products\\products-table\\src\\components\\product-details\\product-details.html": {"path":"C:\\Users\\Александра\\Desktop\\projects\\products\\products-table\\src\\components\\product-details\\product-details.html","statementMap":{"0":{"start":{"line":3,"column":2},"end":{"line":3,"column":null}},"1":{"start":{"line":4,"column":4},"end":{"line":4,"column":null}},"2":{"start":{"line":5,"column":4},"end":{"line":5,"column":7}},"3":{"start":{"line":5,"column":7},"end":{"line":5,"column":17}},"4":{"start":{"line":5,"column":17},"end":{"line":5,"column":null}},"5":{"start":{"line":8,"column":2},"end":{"line":8,"column":null}},"6":{"start":{"line":9,"column":7},"end":{"line":9,"column":34}},"7":{"start":{"line":9,"column":34},"end":{"line":9,"column":null}},"8":{"start":{"line":10,"column":4},"end":{"line":10,"column":26}},"9":{"start":{"line":11,"column":6},"end":{"line":11,"column":null}},"10":{"start":{"line":12,"column":4},"end":{"line":12,"column":null}},"11":{"start":{"line":10,"column":26},"end":{"line":10,"column":null}},"12":{"start":{"line":26,"column":12},"end":{"line":26,"column":null}},"13":{"start":{"line":29,"column":14},"end":{"line":29,"column":null}},"14":{"start":{"line":29,"column":14},"end":{"line":29,"column":23}},"15":{"start":{"line":30,"column":14},"end":{"line":30,"column":null}},"16":{"start":{"line":27,"column":14},"end":{"line":27,"column":null}},"17":{"start":{"line":63,"column":14},"end":{"line":63,"column":20}},"18":{"start":{"line":63,"column":20},"end":{"line":63,"column":29}},"19":{"start":{"line":63,"column":29},"end":{"line":63,"column":null}},"20":{"start":{"line":61,"column":10},"end":{"line":61,"column":null}},"21":{"start":{"line":62,"column":12},"end":{"line":62,"column":null}},"22":{"start":{"line":65,"column":10},"end":{"line":65,"column":null}},"23":{"start":{"line":15,"column":2},"end":{"line":16,"column":null}},"24":{"start":{"line":18,"column":8},"end":{"line":18,"column":null}},"25":{"start":{"line":24,"column":8},"end":{"line":24,"column":null}},"26":{"start":{"line":25,"column":10},"end":{"line":25,"column":null}},"27":{"start":{"line":33,"column":8},"end":{"line":33,"column":null}},"28":{"start":{"line":36,"column":6},"end":{"line":36,"column":null}},"29":{"start":{"line":37,"column":31},"end":{"line":37,"column":50}},"30":{"start":{"line":37,"column":50},"end":{"line":37,"column":null}},"31":{"start":{"line":39,"column":8},"end":{"line":39,"column":26}},"32":{"start":{"line":39,"column":26},"end":{"line":39,"column":42}},"33":{"start":{"line":39,"column":42},"end":{"line":39,"column":null}},"34":{"start":{"line":41,"column":8},"end":{"line":41,"column":null}},"35":{"start":{"line":42,"column":35},"end":{"line":42,"column":42}},"36":{"start":{"line":42,"column":42},"end":{"line":42,"column":null}},"37":{"start":{"line":43,"column":10},"end":{"line":43,"column":null}},"38":{"start":{"line":44,"column":8},"end":{"line":44,"column":null}},"39":{"start":{"line":46,"column":8},"end":{"line":46,"column":null}},"40":{"start":{"line":47,"column":30},"end":{"line":47,"column":47}},"41":{"start":{"line":47,"column":47},"end":{"line":47,"column":null}},"42":{"start":{"line":48,"column":10},"end":{"line":48,"column":33}},"43":{"start":{"line":48,"column":33},"end":{"line":48,"column":64}},"44":{"start":{"line":48,"column":64},"end":{"line":48,"column":null}},"45":{"start":{"line":51,"column":8},"end":{"line":51,"column":null}},"46":{"start":{"line":52,"column":10},"end":{"line":52,"column":null}},"47":{"start":{"line":53,"column":8},"end":{"line":53,"column":null}},"48":{"start":{"line":55,"column":8},"end":{"line":56,"column":23}},"49":{"start":{"line":56,"column":23},"end":{"line":56,"column":29}},"50":{"start":{"line":56,"column":29},"end":{"line":56,"column":39}},"51":{"start":{"line":56,"column":39},"end":{"line":56,"column":55}},"52":{"start":{"line":56,"column":55},"end":{"line":56,"column":null}},"53":{"start":{"line":57,"column":10},"end":{"line":57,"column":23}},"54":{"start":{"line":57,"column":23},"end":{"line":57,"column":29}},"55":{"start":{"line":57,"column":29},"end":{"line":57,"column":39}},"56":{"start":{"line":57,"column":39},"end":{"line":57,"column":62}},"57":{"start":{"line":57,"column":62},"end":{"line":57,"column":78}},"58":{"start":{"line":57,"column":78},"end":{"line":57,"column":null}},"59":{"start":{"line":60,"column":8},"end":{"line":60,"column":null}},"60":{"start":{"line":68,"column":8},"end":{"line":68,"column":30}},"61":{"start":{"line":68,"column":30},"end":{"line":68,"column":null}},"62":{"start":{"line":68,"column":30},"end":{"line":68,"column":39}},"63":{"start":{"line":69,"column":10},"end":{"line":69,"column":null}},"64":{"start":{"line":70,"column":8},"end":{"line":72,"column":null}},"65":{"start":{"line":20,"column":10},"end":{"line":20,"column":51}},"66":{"start":{"line":20,"column":10},"end":{"line":20,"column":null}},"67":{"start":{"line":1,"column":0},"end":{"line":1,"column":12}},"68":{"start":{"line":2,"column":0},"end":{"line":7,"column":null}},"69":{"start":{"line":1,"column":0},"end":{"line":1,"column":null}},"70":{"start":{"line":2,"column":0},"end":{"line":2,"column":17}}},"fnMap":{"0":{"name":"ProductDetailsComponent_Conditional_3_For_6_Template_img_click_0_listener","decl":{"start":{"line":29,"column":14},"end":{"line":29,"column":23}},"loc":{"start":{"line":29,"column":14},"end":{"line":29,"column":null}},"line":29},"1":{"name":"ProductDetailsComponent_Conditional_3_Template_button_click_34_listener","decl":{"start":{"line":68,"column":30},"end":{"line":68,"column":39}},"loc":{"start":{"line":68,"column":30},"end":{"line":68,"column":null}},"line":68}},"branchMap":{"0":{"loc":{"start":{"line":30,"column":14},"end":{"line":30,"column":null}},"type":"binary-expr","locations":[{"start":{"line":30,"column":14},"end":{"line":30,"column":null}},{"start":{"line":30,"column":14},"end":{"line":30,"column":null}}],"line":30},"1":{"loc":{"start":{"line":20,"column":10},"end":{"line":20,"column":51}},"type":"binary-expr","locations":[{"start":{"line":20,"column":10},"end":{"line":20,"column":51}},{"start":{"line":20,"column":10},"end":{"line":20,"column":51}}],"line":20},"2":{"loc":{"start":{"line":60,"column":8},"end":{"line":60,"column":null}},"type":"cond-expr","locations":[{"start":{"line":60,"column":8},"end":{"line":60,"column":null}},{"start":{"line":60,"column":8},"end":{"line":60,"column":null}}],"line":60},"3":{"loc":{"start":{"line":2,"column":0},"end":{"line":2,"column":17}},"type":"cond-expr","locations":[{"start":{"line":2,"column":0},"end":{"line":2,"column":17}},{"start":{"line":2,"column":0},"end":{"line":2,"column":17}}],"line":2}},"s":{"0":0,"1":0,"2":0,"3":0,"4":0,"5":0,"6":0,"7":0,"8":0,"9":0,"10":0,"11":0,"12":4,"13":0,"14":0,"15":4,"16":4,"17":2,"18":2,"19":2,"20":2,"21":2,"22":2,"23":2,"24":2,"25":2,"26":2,"27":2,"28":2,"29":2,"30":2,"31":2,"32":2,"33":2,"34":2,"35":2,"36":2,"37":2,"38":2,"39":2,"40":2,"41":2,"42":2,"43":2,"44":2,"45":2,"46":2,"47":2,"48":2,"49":2,"50":2,"51":2,"52":2,"53":2,"54":2,"55":2,"56":2,"57":2,"58":2,"59":2,"60":2,"61":0,"62":0,"63":2,"64":2,"65":2,"66":2,"67":5,"68":5,"69":2,"70":2},"f":{"0":0,"1":0},"b":{"0":[4,2],"1":[2,1],"2":[2,2],"3":[0,4]},"meta":{"lastBranch":4,"lastFunction":2,"lastStatement":71,"seen":{"s:3:2:3:Infinity":0,"s:4:4:4:Infinity":1,"s:5:4:5:7":2,"s:5:7:5:17":3,"s:5:17:5:Infinity":4,"s:8:2:8:Infinity":5,"s:9:7:9:34":6,"s:9:34:9:Infinity":7,"s:10:4:10:26":8,"s:11:6:11:Infinity":9,"s:12:4:12:Infinity":10,"s:10:26:10:Infinity":11,"s:26:12:26:Infinity":12,"s:29:14:29:Infinity":13,"f:29:14:29:23":0,"s:29:14:29:23":14,"s:30:14:30:Infinity":15,"b:30:14:30:Infinity:30:14:30:Infinity":0,"s:27:14:27:Infinity":16,"s:63:14:63:20":17,"s:63:20:63:29":18,"s:63:29:63:Infinity":19,"s:61:10:61:Infinity":20,"s:62:12:62:Infinity":21,"s:65:10:65:Infinity":22,"s:15:2:16:Infinity":23,"s:18:8:18:Infinity":24,"s:24:8:24:Infinity":25,"s:25:10:25:Infinity":26,"s:33:8:33:Infinity":27,"s:36:6:36:Infinity":28,"s:37:31:37:50":29,"s:37:50:37:Infinity":30,"s:39:8:39:26":31,"s:39:26:39:42":32,"s:39:42:39:Infinity":33,"s:41:8:41:Infinity":34,"s:42:35:42:42":35,"s:42:42:42:Infinity":36,"s:43:10:43:Infinity":37,"s:44:8:44:Infinity":38,"s:46:8:46:Infinity":39,"s:47:30:47:47":40,"s:47:47:47:Infinity":41,"s:48:10:48:33":42,"s:48:33:48:64":43,"s:48:64:48:Infinity":44,"s:51:8:51:Infinity":45,"s:52:10:52:Infinity":46,"s:53:8:53:Infinity":47,"s:55:8:56:23":48,"s:56:23:56:29":49,"s:56:29:56:39":50,"s:56:39:56:55":51,"s:56:55:56:Infinity":52,"s:57:10:57:23":53,"s:57:23:57:29":54,"s:57:29:57:39":55,"s:57:39:57:62":56,"s:57:62:57:78":57,"s:57:78:57:Infinity":58,"s:60:8:60:Infinity":59,"s:68:8:68:30":60,"s:68:30:68:Infinity":61,"f:68:30:68:39":1,"s:68:30:68:39":62,"s:69:10:69:Infinity":63,"s:70:8:72:Infinity":64,"s:20:10:20:51":65,"s:20:10:20:Infinity":66,"b:20:10:20:51:20:10:20:51":1,"b:60:8:60:Infinity:60:8:60:Infinity":2,"s:1:0:1:12":67,"s:2:0:7:Infinity":68,"s:1:0:1:Infinity":69,"s:2:0:2:17":70,"b:2:0:2:17:2:0:2:17":3}}}
,"C:\\Users\\Александра\\Desktop\\projects\\products\\products-table\\src\\components\\product-details\\product-details.ts": {"path":"C:\\Users\\Александра\\Desktop\\projects\\products\\products-table\\src\\components\\product-details\\product-details.ts","statementMap":{"0":{"start":{"line":17,"column":6},"end":{"line":12,"column":23}},"1":{"start":{"line":18,"column":11},"end":{"line":18,"column":null}},"2":{"start":{"line":19,"column":11},"end":{"line":19,"column":null}},"3":{"start":{"line":20,"column":11},"end":{"line":20,"column":null}},"4":{"start":{"line":21,"column":11},"end":{"line":21,"column":null}},"5":{"start":{"line":22,"column":11},"end":{"line":22,"column":null}},"6":{"start":{"line":24,"column":11},"end":{"line":30,"column":null}},"7":{"start":{"line":27,"column":8},"end":{"line":27,"column":null}},"8":{"start":{"line":33,"column":11},"end":{"line":33,"column":null}},"9":{"start":{"line":36,"column":4},"end":{"line":36,"column":null}},"10":{"start":{"line":40,"column":4},"end":{"line":40,"column":null}},"11":{"start":{"line":17,"column":13},"end":{"line":17,"column":null}},"12":{"start":{"line":17,"column":13},"end":{"line":12,"column":23}},"13":{"start":{"line":17,"column":36},"end":{"line":7,"column":null}},"14":{"start":{"line":17,"column":13},"end":{"line":15,"column":null}}},"fnMap":{"0":{"name":"(anonymous_0)","decl":{"start":{"line":9,"column":0},"end":{"line":9,"column":1}},"loc":{"start":{"line":9,"column":0},"end":{"line":33,"column":null}},"line":9},"1":{"name":"(anonymous_1)","decl":{"start":{"line":26,"column":15},"end":{"line":26,"column":20}},"loc":{"start":{"line":26,"column":20},"end":{"line":28,"column":7}},"line":26},"2":{"name":"(anonymous_2)","decl":{"start":{"line":35,"column":2},"end":{"line":35,"column":11}},"loc":{"start":{"line":35,"column":22},"end":{"line":37,"column":null}},"line":35},"3":{"name":"(anonymous_3)","decl":{"start":{"line":39,"column":2},"end":{"line":39,"column":8}},"loc":{"start":{"line":39,"column":8},"end":{"line":41,"column":null}},"line":39},"4":{"name":"(anonymous_4)","decl":{"start":{"line":17,"column":36},"end":{"line":17,"column":null}},"loc":{"start":{"line":17,"column":36},"end":{"line":12,"column":22}},"line":17}},"branchMap":{"0":{"loc":{"start":{"line":21,"column":32},"end":{"line":21,"column":null}},"type":"cond-expr","locations":[{"start":{"line":21,"column":32},"end":{"line":21,"column":null}},{"start":{"line":21,"column":32},"end":{"line":21,"column":null}}],"line":21},"1":{"loc":{"start":{"line":33,"column":53},"end":{"line":33,"column":null}},"type":"cond-expr","locations":[{"start":{"line":33,"column":53},"end":{"line":33,"column":null}},{"start":{"line":33,"column":53},"end":{"line":33,"column":null}}],"line":33},"2":{"loc":{"start":{"line":17,"column":13},"end":{"line":17,"column":36}},"type":"binary-expr","locations":[{"start":{"line":17,"column":13},"end":{"line":17,"column":36}},{"start":{"line":17,"column":13},"end":{"line":17,"column":36}}],"line":17},"3":{"loc":{"start":{"line":17,"column":36},"end":{"line":7,"column":null}},"type":"if","locations":[{"start":{"line":17,"column":36},"end":{"line":7,"column":null}},{"start":{},"end":{}}],"line":17},"4":{"loc":{"start":{"line":17,"column":13},"end":{"line":15,"column":null}},"type":"binary-expr","locations":[{"start":{"line":17,"column":13},"end":{"line":17,"column":36}},{"start":{"line":17,"column":13},"end":{"line":17,"column":36}},{"start":{"line":17,"column":13},"end":{"line":15,"column":null}}],"line":17},"5":{"loc":{"start":{"line":17,"column":13},"end":{"line":17,"column":null}},"type":"binary-expr","locations":[{"start":{"line":17,"column":13},"end":{"line":17,"column":36}},{"start":{"line":17,"column":13},"end":{"line":17,"column":36}},{"start":{"line":17,"column":13},"end":{"line":17,"column":null}}],"line":17}},"s":{"0":1,"1":5,"2":5,"3":5,"4":5,"5":5,"6":5,"7":5,"8":5,"9":2,"10":1,"11":1,"12":1,"13":7,"14":1},"f":{"0":5,"1":5,"2":2,"3":1,"4":1},"b":{"0":[5,0],"1":[5,0],"2":[5,5],"3":[5,2],"4":[1,1,1],"5":[1,1,1]},"meta":{"lastBranch":6,"lastFunction":5,"lastStatement":15,"seen":{"s:17:6:12:23":0,"f:9:0:9:1":0,"s:18:11:18:Infinity":1,"s:19:11:19:Infinity":2,"s:20:11:20:Infinity":3,"s:21:11:21:Infinity":4,"b:21:32:21:Infinity:21:32:21:Infinity":0,"s:22:11:22:Infinity":5,"s:24:11:30:Infinity":6,"f:26:15:26:20":1,"s:27:8:27:Infinity":7,"s:33:11:33:Infinity":8,"b:33:53:33:Infinity:33:53:33:Infinity":1,"f:35:2:35:11":2,"s:36:4:36:Infinity":9,"f:39:2:39:8":3,"s:40:4:40:Infinity":10,"s:17:13:17:Infinity":11,"b:17:13:17:36:17:13:17:36":2,"s:17:13:12:23":12,"f:17:36:17:Infinity":4,"b:17:36:7:Infinity:undefined:undefined:undefined:undefined":3,"s:17:36:7:Infinity":13,"s:17:13:15:Infinity":14,"b:17:13:17:36:17:13:17:36:17:13:15:Infinity":4,"b:17:13:17:36:17:13:17:36:17:13:17:Infinity":5}}}
,"C:\\Users\\Александра\\Desktop\\projects\\products\\products-table\\src\\components\\products-component\\products-component.html": {"path":"C:\\Users\\Александра\\Desktop\\projects\\products\\products-table\\src\\components\\products-component\\products-component.html","statementMap":{"0":{"start":{"line":2,"column":2},"end":{"line":2,"column":null}},"1":{"start":{"line":3,"column":4},"end":{"line":3,"column":null}},"2":{"start":{"line":4,"column":4},"end":{"line":4,"column":7}},"3":{"start":{"line":4,"column":7},"end":{"line":4,"column":17}},"4":{"start":{"line":4,"column":17},"end":{"line":4,"column":null}},"5":{"start":{"line":7,"column":2},"end":{"line":7,"column":null}},"6":{"start":{"line":8,"column":7},"end":{"line":8,"column":49}},"7":{"start":{"line":8,"column":49},"end":{"line":8,"column":null}},"8":{"start":{"line":21,"column":8},"end":{"line":21,"column":16}},"9":{"start":{"line":21,"column":31},"end":{"line":21,"column":41}},"10":{"start":{"line":21,"column":41},"end":{"line":21,"column":null}},"11":{"start":{"line":21,"column":16},"end":{"line":21,"column":31}},"12":{"start":{"line":38,"column":14},"end":{"line":38,"column":39}},"13":{"start":{"line":38,"column":39},"end":{"line":38,"column":74}},"14":{"start":{"line":38,"column":74},"end":{"line":38,"column":null}},"15":{"start":{"line":44,"column":14},"end":{"line":44,"column":39}},"16":{"start":{"line":44,"column":39},"end":{"line":44,"column":74}},"17":{"start":{"line":44,"column":74},"end":{"line":44,"column":null}},"18":{"start":{"line":50,"column":14},"end":{"line":50,"column":39}},"19":{"start":{"line":50,"column":39},"end":{"line":50,"column":74}},"20":{"start":{"line":50,"column":74},"end":{"line":50,"column":null}},"21":{"start":{"line":60,"column":10},"end":{"line":60,"column":52}},"22":{"start":{"line":60,"column":52},"end":{"line":60,"column":null}},"23":{"start":{"line":60,"column":52},"end":{"line":60,"column":61}},"24":{"start":{"line":61,"column":12},"end":{"line":61,"column":16}},"25":{"start":{"line":61,"column":16},"end":{"line":61,"column":32}},"26":{"start":{"line":61,"column":32},"end":{"line":61,"column":null}},"27":{"start":{"line":62,"column":12},"end":{"line":62,"column":46}},"28":{"start":{"line":62,"column":46},"end":{"line":62,"column":65}},"29":{"start":{"line":62,"column":65},"end":{"line":62,"column":null}},"30":{"start":{"line":63,"column":12},"end":{"line":63,"column":16}},"31":{"start":{"line":63,"column":16},"end":{"line":63,"column":37}},"32":{"start":{"line":63,"column":37},"end":{"line":63,"column":null}},"33":{"start":{"line":64,"column":12},"end":{"line":64,"column":16}},"34":{"start":{"line":64,"column":16},"end":{"line":64,"column":36}},"35":{"start":{"line":64,"column":36},"end":{"line":64,"column":null}},"36":{"start":{"line":65,"column":12},"end":{"line":65,"column":16}},"37":{"start":{"line":65,"column":16},"end":{"line":65,"column":35}},"38":{"start":{"line":65,"column":35},"end":{"line":65,"column":null}},"39":{"start":{"line":66,"column":12},"end":{"line":66,"column":16}},"40":{"start":{"line":66,"column":16},"end":{"line":66,"column":35}},"41":{"start":{"line":66,"column":35},"end":{"line":66,"column":null}},"42":{"start":{"line":67,"column":12},"end":{"line":67,"column":16}},"43":{"start":{"line":67,"column":16},"end":{"line":67,"column":38}},"44":{"start":{"line":67,"column":38},"end":{"line":67,"column":null}},"45":{"start":{"line":30,"column":4},"end":{"line":32,"column":null}},"46":{"start":{"line":33,"column":26},"end":{"line":33,"column":28}},"47":{"start":{"line":33,"column":28},"end":{"line":33,"column":null}},"48":{"start":{"line":34,"column":10},"end":{"line":34,"column":44}},"49":{"start":{"line":34,"column":44},"end":{"line":34,"column":48}},"50":{"start":{"line":34,"column":48},"end":{"line":34,"column":null}},"51":{"start":{"line":35,"column":10},"end":{"line":35,"column":26}},"52":{"start":{"line":35,"column":26},"end":{"line":35,"column":null}},"53":{"start":{"line":35,"column":26},"end":{"line":35,"column":35}},"54":{"start":{"line":36,"column":12},"end":{"line":36,"column":null}},"55":{"start":{"line":37,"column":12},"end":{"line":37,"column":null}},"56":{"start":{"line":40,"column":10},"end":{"line":40,"column":null}},"57":{"start":{"line":41,"column":10},"end":{"line":41,"column":26}},"58":{"start":{"line":41,"column":26},"end":{"line":41,"column":null}},"59":{"start":{"line":41,"column":26},"end":{"line":41,"column":35}},"60":{"start":{"line":42,"column":12},"end":{"line":42,"column":null}},"61":{"start":{"line":43,"column":12},"end":{"line":43,"column":null}},"62":{"start":{"line":46,"column":10},"end":{"line":46,"column":null}},"63":{"start":{"line":47,"column":10},"end":{"line":47,"column":26}},"64":{"start":{"line":47,"column":26},"end":{"line":47,"column":null}},"65":{"start":{"line":47,"column":26},"end":{"line":47,"column":35}},"66":{"start":{"line":48,"column":12},"end":{"line":48,"column":null}},"67":{"start":{"line":49,"column":12},"end":{"line":49,"column":null}},"68":{"start":{"line":52,"column":10},"end":{"line":52,"column":null}},"69":{"start":{"line":53,"column":10},"end":{"line":53,"column":26}},"70":{"start":{"line":53,"column":26},"end":{"line":53,"column":31}},"71":{"start":{"line":53,"column":31},"end":{"line":53,"column":null}},"72":{"start":{"line":54,"column":10},"end":{"line":54,"column":26}},"73":{"start":{"line":54,"column":26},"end":{"line":54,"column":34}},"74":{"start":{"line":54,"column":34},"end":{"line":55,"column":null}},"75":{"start":{"line":58,"column":6},"end":{"line":58,"column":null}},"76":{"start":{"line":59,"column":8},"end":{"line":59,"column":18}},"77":{"start":{"line":70,"column":6},"end":{"line":70,"column":null}},"78":{"start":{"line":59,"column":8},"end":{"line":59,"column":null}},"79":{"start":{"line":73,"column":4},"end":{"line":73,"column":null}},"80":{"start":{"line":74,"column":9},"end":{"line":74,"column":26}},"81":{"start":{"line":74,"column":26},"end":{"line":74,"column":null}},"82":{"start":{"line":11,"column":2},"end":{"line":11,"column":26}},"83":{"start":{"line":11,"column":26},"end":{"line":11,"column":38}},"84":{"start":{"line":11,"column":38},"end":{"line":11,"column":null}},"85":{"start":{"line":13,"column":2},"end":{"line":13,"column":8}},"86":{"start":{"line":13,"column":49},"end":{"line":13,"column":null}},"87":{"start":{"line":13,"column":49},"end":{"line":13,"column":59}},"88":{"start":{"line":14,"column":4},"end":{"line":14,"column":32}},"89":{"start":{"line":14,"column":32},"end":{"line":14,"column":45}},"90":{"start":{"line":14,"column":45},"end":{"line":14,"column":null}},"91":{"start":{"line":15,"column":4},"end":{"line":15,"column":null}},"92":{"start":{"line":17,"column":4},"end":{"line":17,"column":26}},"93":{"start":{"line":17,"column":26},"end":{"line":17,"column":34}},"94":{"start":{"line":17,"column":34},"end":{"line":17,"column":null}},"95":{"start":{"line":18,"column":4},"end":{"line":18,"column":null}},"96":{"start":{"line":19,"column":23},"end":{"line":19,"column":37}},"97":{"start":{"line":19,"column":37},"end":{"line":19,"column":null}},"98":{"start":{"line":20,"column":6},"end":{"line":20,"column":null}},"99":{"start":{"line":23,"column":4},"end":{"line":23,"column":null}},"100":{"start":{"line":25,"column":4},"end":{"line":25,"column":26}},"101":{"start":{"line":25,"column":26},"end":{"line":25,"column":31}},"102":{"start":{"line":25,"column":31},"end":{"line":25,"column":null}},"103":{"start":{"line":26,"column":4},"end":{"line":26,"column":25}},"104":{"start":{"line":26,"column":25},"end":{"line":26,"column":50}},"105":{"start":{"line":26,"column":25},"end":{"line":26,"column":34}},"106":{"start":{"line":26,"column":50},"end":{"line":26,"column":55}},"107":{"start":{"line":26,"column":55},"end":{"line":26,"column":null}},"108":{"start":{"line":29,"column":2},"end":{"line":29,"column":null}},"109":{"start":{"line":13,"column":8},"end":{"line":13,"column":49}},"110":{"start":{"line":29,"column":2},"end":{"line":29,"column":27}},"111":{"start":{"line":80,"column":2},"end":{"line":80,"column":null}},"112":{"start":{"line":84,"column":4},"end":{"line":84,"column":null}},"113":{"start":{"line":84,"column":4},"end":{"line":84,"column":18}},"114":{"start":{"line":85,"column":3},"end":{"line":85,"column":null}},"115":{"start":{"line":81,"column":4},"end":{"line":82,"column":null}},"116":{"start":{"line":1,"column":0},"end":{"line":6,"column":null}},"117":{"start":{"line":79,"column":0},"end":{"line":79,"column":null}},"118":{"start":{"line":1,"column":0},"end":{"line":1,"column":17}}},"fnMap":{"0":{"name":"MainComponent_Conditional_2_Conditional_17_For_22_Template_tr_click_0_listener","decl":{"start":{"line":60,"column":52},"end":{"line":60,"column":61}},"loc":{"start":{"line":60,"column":52},"end":{"line":60,"column":null}},"line":60},"1":{"name":"MainComponent_Conditional_2_Conditional_17_Template_th_click_7_listener","decl":{"start":{"line":35,"column":26},"end":{"line":35,"column":35}},"loc":{"start":{"line":35,"column":26},"end":{"line":35,"column":null}},"line":35},"2":{"name":"MainComponent_Conditional_2_Conditional_17_Template_th_click_10_listener","decl":{"start":{"line":41,"column":26},"end":{"line":41,"column":35}},"loc":{"start":{"line":41,"column":26},"end":{"line":41,"column":null}},"line":41},"3":{"name":"MainComponent_Conditional_2_Conditional_17_Template_th_click_13_listener","decl":{"start":{"line":47,"column":26},"end":{"line":47,"column":35}},"loc":{"start":{"line":47,"column":26},"end":{"line":47,"column":null}},"line":47},"4":{"name":"MainComponent_Conditional_2_Template_form_submit_2_listener","decl":{"start":{"line":13,"column":49},"end":{"line":13,"column":59}},"loc":{"start":{"line":13,"column":49},"end":{"line":13,"column":null}},"line":13},"5":{"name":"MainComponent_Conditional_2_Template_button_click_15_listener","decl":{"start":{"line":26,"column":25},"end":{"line":26,"column":34}},"loc":{"start":{"line":26,"column":25},"end":{"line":26,"column":50}},"line":26},"6":{"name":"MainComponent_Conditional_3_Template_app_pagination_component_pageChange_0_listener","decl":{"start":{"line":84,"column":4},"end":{"line":84,"column":18}},"loc":{"start":{"line":84,"column":4},"end":{"line":84,"column":null}},"line":84}},"branchMap":{"0":{"loc":{"start":{"line":38,"column":39},"end":{"line":38,"column":74}},"type":"cond-expr","locations":[{"start":{"line":38,"column":39},"end":{"line":38,"column":74}},{"start":{"line":38,"column":39},"end":{"line":38,"column":74}}],"line":38},"1":{"loc":{"start":{"line":44,"column":39},"end":{"line":44,"column":74}},"type":"cond-expr","locations":[{"start":{"line":44,"column":39},"end":{"line":44,"column":74}},{"start":{"line":44,"column":39},"end":{"line":44,"column":74}}],"line":44},"2":{"loc":{"start":{"line":50,"column":39},"end":{"line":50,"column":74}},"type":"cond-expr","locations":[{"start":{"line":50,"column":39},"end":{"line":50,"column":74}},{"start":{"line":50,"column":39},"end":{"line":50,"column":74}}],"line":50},"3":{"loc":{"start":{"line":37,"column":12},"end":{"line":37,"column":null}},"type":"cond-expr","locations":[{"start":{"line":37,"column":12},"end":{"line":37,"column":null}},{"start":{"line":37,"column":12},"end":{"line":37,"column":null}}],"line":37},"4":{"loc":{"start":{"line":43,"column":12},"end":{"line":43,"column":null}},"type":"cond-expr","locations":[{"start":{"line":43,"column":12},"end":{"line":43,"column":null}},{"start":{"line":43,"column":12},"end":{"line":43,"column":null}}],"line":43},"5":{"loc":{"start":{"line":49,"column":12},"end":{"line":49,"column":null}},"type":"cond-expr","locations":[{"start":{"line":49,"column":12},"end":{"line":49,"column":null}},{"start":{"line":49,"column":12},"end":{"line":49,"column":null}}],"line":49},"6":{"loc":{"start":{"line":29,"column":2},"end":{"line":29,"column":27}},"type":"cond-expr","locations":[{"start":{"line":29,"column":2},"end":{"line":29,"column":27}},{"start":{"line":29,"column":2},"end":{"line":29,"column":27}}],"line":29},"7":{"loc":{"start":{"line":1,"column":0},"end":{"line":1,"column":17}},"type":"cond-expr","locations":[{"start":{"line":1,"column":0},"end":{"line":1,"column":17}},{"start":{"line":1,"column":0},"end":{"line":1,"column":17}}],"line":1},"8":{"loc":{"start":{"line":79,"column":0},"end":{"line":79,"column":null}},"type":"cond-expr","locations":[{"start":{"line":79,"column":0},"end":{"line":79,"column":null}},{"start":{"line":79,"column":0},"end":{"line":79,"column":null}}],"line":79},"9":{"loc":{"start":{"line":79,"column":0},"end":{"line":79,"column":null}},"type":"binary-expr","locations":[{"start":{"line":79,"column":0},"end":{"line":79,"column":null}},{"start":{"line":79,"column":0},"end":{"line":79,"column":null}},{"start":{"line":79,"column":0},"end":{"line":79,"column":null}}],"line":79}},"s":{"0":0,"1":0,"2":0,"3":0,"4":0,"5":1,"6":1,"7":1,"8":40,"9":80,"10":40,"11":80,"12":1,"13":2,"14":1,"15":0,"16":0,"17":0,"18":0,"19":0,"20":0,"21":1,"22":0,"23":0,"24":1,"25":2,"26":1,"27":1,"28":2,"29":1,"30":1,"31":2,"32":1,"33":1,"34":2,"35":1,"36":1,"37":2,"38":1,"39":1,"40":2,"41":1,"42":1,"43":2,"44":1,"45":1,"46":1,"47":1,"48":1,"49":1,"50":1,"51":1,"52":0,"53":0,"54":1,"55":2,"56":1,"57":1,"58":0,"59":0,"60":1,"61":2,"62":1,"63":1,"64":0,"65":0,"66":1,"67":2,"68":1,"69":1,"70":1,"71":1,"72":1,"73":1,"74":1,"75":1,"76":2,"77":1,"78":2,"79":1,"80":1,"81":1,"82":2,"83":2,"84":2,"85":2,"86":0,"87":0,"88":2,"89":2,"90":2,"91":2,"92":2,"93":2,"94":2,"95":2,"96":2,"97":2,"98":4,"99":2,"100":2,"101":2,"102":2,"103":2,"104":0,"105":0,"106":2,"107":2,"108":2,"109":4,"110":4,"111":1,"112":0,"113":0,"114":1,"115":2,"116":8,"117":5,"118":5},"f":{"0":0,"1":0,"2":0,"3":0,"4":0,"5":0,"6":0},"b":{"0":[2,0],"1":[0,0],"2":[0,0],"3":[2,0],"4":[0,2],"5":[0,2],"6":[2,2],"7":[1,9],"8":[2,3],"9":[5,5,4]},"meta":{"lastBranch":10,"lastFunction":7,"lastStatement":119,"seen":{"s:2:2:2:Infinity":0,"s:3:4:3:Infinity":1,"s:4:4:4:7":2,"s:4:7:4:17":3,"s:4:17:4:Infinity":4,"s:7:2:7:Infinity":5,"s:8:7:8:49":6,"s:8:49:8:Infinity":7,"s:21:8:21:16":8,"s:21:31:21:41":9,"s:21:41:21:Infinity":10,"s:21:16:21:31":11,"s:38:14:38:39":12,"s:38:39:38:74":13,"s:38:74:38:Infinity":14,"b:38:39:38:74:38:39:38:74":0,"s:44:14:44:39":15,"s:44:39:44:74":16,"s:44:74:44:Infinity":17,"b:44:39:44:74:44:39:44:74":1,"s:50:14:50:39":18,"s:50:39:50:74":19,"s:50:74:50:Infinity":20,"b:50:39:50:74:50:39:50:74":2,"s:60:10:60:52":21,"s:60:52:60:Infinity":22,"f:60:52:60:61":0,"s:60:52:60:61":23,"s:61:12:61:16":24,"s:61:16:61:32":25,"s:61:32:61:Infinity":26,"s:62:12:62:46":27,"s:62:46:62:65":28,"s:62:65:62:Infinity":29,"s:63:12:63:16":30,"s:63:16:63:37":31,"s:63:37:63:Infinity":32,"s:64:12:64:16":33,"s:64:16:64:36":34,"s:64:36:64:Infinity":35,"s:65:12:65:16":36,"s:65:16:65:35":37,"s:65:35:65:Infinity":38,"s:66:12:66:16":39,"s:66:16:66:35":40,"s:66:35:66:Infinity":41,"s:67:12:67:16":42,"s:67:16:67:38":43,"s:67:38:67:Infinity":44,"s:30:4:32:Infinity":45,"s:33:26:33:28":46,"s:33:28:33:Infinity":47,"s:34:10:34:44":48,"s:34:44:34:48":49,"s:34:48:34:Infinity":50,"s:35:10:35:26":51,"s:35:26:35:Infinity":52,"f:35:26:35:35":1,"s:35:26:35:35":53,"s:36:12:36:Infinity":54,"s:37:12:37:Infinity":55,"s:40:10:40:Infinity":56,"s:41:10:41:26":57,"s:41:26:41:Infinity":58,"f:41:26:41:35":2,"s:41:26:41:35":59,"s:42:12:42:Infinity":60,"s:43:12:43:Infinity":61,"s:46:10:46:Infinity":62,"s:47:10:47:26":63,"s:47:26:47:Infinity":64,"f:47:26:47:35":3,"s:47:26:47:35":65,"s:48:12:48:Infinity":66,"s:49:12:49:Infinity":67,"s:52:10:52:Infinity":68,"s:53:10:53:26":69,"s:53:26:53:31":70,"s:53:31:53:Infinity":71,"s:54:10:54:26":72,"s:54:26:54:34":73,"s:54:34:55:Infinity":74,"s:58:6:58:Infinity":75,"s:59:8:59:18":76,"s:70:6:70:Infinity":77,"b:37:12:37:Infinity:37:12:37:Infinity":3,"b:43:12:43:Infinity:43:12:43:Infinity":4,"b:49:12:49:Infinity:49:12:49:Infinity":5,"s:59:8:59:Infinity":78,"s:73:4:73:Infinity":79,"s:74:9:74:26":80,"s:74:26:74:Infinity":81,"s:11:2:11:26":82,"s:11:26:11:38":83,"s:11:38:11:Infinity":84,"s:13:2:13:8":85,"s:13:49:13:Infinity":86,"f:13:49:13:59":4,"s:13:49:13:59":87,"s:14:4:14:32":88,"s:14:32:14:45":89,"s:14:45:14:Infinity":90,"s:15:4:15:Infinity":91,"s:17:4:17:26":92,"s:17:26:17:34":93,"s:17:34:17:Infinity":94,"s:18:4:18:Infinity":95,"s:19:23:19:37":96,"s:19:37:19:Infinity":97,"s:20:6:20:Infinity":98,"s:23:4:23:Infinity":99,"s:25:4:25:26":100,"s:25:26:25:31":101,"s:25:31:25:Infinity":102,"s:26:4:26:25":103,"s:26:25:26:50":104,"f:26:25:26:34":5,"s:26:25:26:34":105,"s:26:50:26:55":106,"s:26:55:26:Infinity":107,"s:29:2:29:Infinity":108,"s:13:8:13:49":109,"s:29:2:29:27":110,"b:29:2:29:27:29:2:29:27":6,"s:80:2:80:Infinity":111,"s:84:4:84:Infinity":112,"f:84:4:84:18":6,"s:84:4:84:18":113,"s:85:3:85:Infinity":114,"s:81:4:82:Infinity":115,"s:1:0:6:Infinity":116,"s:79:0:79:Infinity":117,"s:1:0:1:17":118,"b:1:0:1:17:1:0:1:17":7,"b:79:0:79:Infinity:79:0:79:Infinity":8,"b:79:0:79:Infinity:79:0:79:Infinity:79:0:79:Infinity":9}}}
,"C:\\Users\\Александра\\Desktop\\projects\\products\\products-table\\src\\components\\products-component\\products-component.ts": {"path":"C:\\Users\\Александра\\Desktop\\projects\\products\\products-table\\src\\components\\products-component\\products-component.ts","statementMap":{"0":{"start":{"line":17,"column":6},"end":{"line":12,"column":53}},"1":{"start":{"line":18,"column":11},"end":{"line":38,"column":null}},"2":{"start":{"line":41,"column":11},"end":{"line":41,"column":null}},"3":{"start":{"line":42,"column":11},"end":{"line":42,"column":null}},"4":{"start":{"line":43,"column":11},"end":{"line":43,"column":null}},"5":{"start":{"line":44,"column":11},"end":{"line":44,"column":null}},"6":{"start":{"line":45,"column":11},"end":{"line":45,"column":null}},"7":{"start":{"line":47,"column":11},"end":{"line":47,"column":null}},"8":{"start":{"line":48,"column":11},"end":{"line":48,"column":null}},"9":{"start":{"line":49,"column":11},"end":{"line":49,"column":null}},"10":{"start":{"line":50,"column":11},"end":{"line":50,"column":null}},"11":{"start":{"line":51,"column":11},"end":{"line":51,"column":null}},"12":{"start":{"line":52,"column":11},"end":{"line":52,"column":null}},"13":{"start":{"line":53,"column":11},"end":{"line":53,"column":null}},"14":{"start":{"line":54,"column":11},"end":{"line":62,"column":null}},"15":{"start":{"line":55,"column":20},"end":{"line":55,"column":null}},"16":{"start":{"line":56,"column":17},"end":{"line":56,"column":null}},"17":{"start":{"line":57,"column":18},"end":{"line":57,"column":null}},"18":{"start":{"line":59,"column":4},"end":{"line":61,"column":null}},"19":{"start":{"line":60,"column":21},"end":{"line":60,"column":40}},"20":{"start":{"line":61,"column":22},"end":{"line":61,"column":27}},"21":{"start":{"line":65,"column":11},"end":{"line":68,"column":null}},"22":{"start":{"line":72,"column":4},"end":{"line":91,"column":null}},"23":{"start":{"line":75,"column":37},"end":{"line":82,"column":null}},"24":{"start":{"line":85,"column":8},"end":{"line":85,"column":null}},"25":{"start":{"line":86,"column":8},"end":{"line":88,"column":null}},"26":{"start":{"line":90,"column":8},"end":{"line":90,"column":null}},"27":{"start":{"line":95,"column":4},"end":{"line":100,"column":null}},"28":{"start":{"line":104,"column":4},"end":{"line":106,"column":null}},"29":{"start":{"line":110,"column":32},"end":{"line":110,"column":null}},"30":{"start":{"line":111,"column":4},"end":{"line":115,"column":null}},"31":{"start":{"line":119,"column":4},"end":{"line":119,"column":null}},"32":{"start":{"line":120,"column":4},"end":{"line":126,"column":null}},"33":{"start":{"line":130,"column":4},"end":{"line":130,"column":null}},"34":{"start":{"line":134,"column":4},"end":{"line":138,"column":null}},"35":{"start":{"line":135,"column":24},"end":{"line":135,"column":null}},"36":{"start":{"line":136,"column":6},"end":{"line":136,"column":null}},"37":{"start":{"line":137,"column":6},"end":{"line":137,"column":null}},"38":{"start":{"line":140,"column":4},"end":{"line":140,"column":null}},"39":{"start":{"line":144,"column":17},"end":{"line":144,"column":null}},"40":{"start":{"line":145,"column":4},"end":{"line":145,"column":null}},"41":{"start":{"line":149,"column":18},"end":{"line":149,"column":null}},"42":{"start":{"line":150,"column":4},"end":{"line":150,"column":null}},"43":{"start":{"line":17,"column":13},"end":{"line":17,"column":null}},"44":{"start":{"line":17,"column":13},"end":{"line":12,"column":53}},"45":{"start":{"line":17,"column":26},"end":{"line":79,"column":null}},"46":{"start":{"line":17,"column":13},"end":{"line":15,"column":null}}},"fnMap":{"0":{"name":"(anonymous_0)","decl":{"start":{"line":9,"column":0},"end":{"line":9,"column":1}},"loc":{"start":{"line":9,"column":0},"end":{"line":68,"column":null}},"line":9},"1":{"name":"(anonymous_1)","decl":{"start":{"line":54,"column":35},"end":{"line":54,"column":40}},"loc":{"start":{"line":54,"column":40},"end":{"line":62,"column":3}},"line":54},"2":{"name":"(anonymous_2)","decl":{"start":{"line":60,"column":14},"end":{"line":60,"column":15}},"loc":{"start":{"line":60,"column":21},"end":{"line":60,"column":40}},"line":60},"3":{"name":"(anonymous_3)","decl":{"start":{"line":61,"column":12},"end":{"line":61,"column":13}},"loc":{"start":{"line":61,"column":22},"end":{"line":61,"column":27}},"line":61},"4":{"name":"(anonymous_4)","decl":{"start":{"line":71,"column":2},"end":{"line":71,"column":10}},"loc":{"start":{"line":71,"column":10},"end":{"line":92,"column":null}},"line":71},"5":{"name":"(anonymous_5)","decl":{"start":{"line":74,"column":17},"end":{"line":74,"column":18}},"loc":{"start":{"line":74,"column":28},"end":{"line":91,"column":7}},"line":74},"6":{"name":"(anonymous_6)","decl":{"start":{"line":94,"column":2},"end":{"line":94,"column":14}},"loc":{"start":{"line":94,"column":44},"end":{"line":101,"column":null}},"line":94},"7":{"name":"(anonymous_7)","decl":{"start":{"line":103,"column":2},"end":{"line":103,"column":14}},"loc":{"start":{"line":103,"column":24},"end":{"line":107,"column":null}},"line":103},"8":{"name":"(anonymous_8)","decl":{"start":{"line":109,"column":2},"end":{"line":109,"column":14}},"loc":{"start":{"line":109,"column":14},"end":{"line":116,"column":null}},"line":109},"9":{"name":"(anonymous_9)","decl":{"start":{"line":118,"column":2},"end":{"line":118,"column":14}},"loc":{"start":{"line":118,"column":14},"end":{"line":127,"column":null}},"line":118},"10":{"name":"(anonymous_10)","decl":{"start":{"line":129,"column":2},"end":{"line":129,"column":21}},"loc":{"start":{"line":129,"column":33},"end":{"line":131,"column":null}},"line":129},"11":{"name":"(anonymous_11)","decl":{"start":{"line":133,"column":2},"end":{"line":133,"column":13}},"loc":{"start":{"line":133,"column":26},"end":{"line":141,"column":null}},"line":133},"12":{"name":"(anonymous_12)","decl":{"start":{"line":143,"column":10},"end":{"line":143,"column":20}},"loc":{"start":{"line":143,"column":34},"end":{"line":146,"column":null}},"line":143},"13":{"name":"(anonymous_13)","decl":{"start":{"line":148,"column":10},"end":{"line":148,"column":21}},"loc":{"start":{"line":148,"column":35},"end":{"line":151,"column":null}},"line":148},"14":{"name":"(anonymous_14)","decl":{"start":{"line":17,"column":26},"end":{"line":17,"column":null}},"loc":{"start":{"line":17,"column":26},"end":{"line":12,"column":31}},"line":17}},"branchMap":{"0":{"loc":{"start":{"line":60,"column":21},"end":{"line":60,"column":40}},"type":"binary-expr","locations":[{"start":{"line":60,"column":21},"end":{"line":60,"column":31}},{"start":{"line":60,"column":31},"end":{"line":60,"column":40}}],"line":60},"1":{"loc":{"start":{"line":62,"column":3},"end":{"line":62,"column":null}},"type":"cond-expr","locations":[{"start":{"line":62,"column":3},"end":{"line":62,"column":null}},{"start":{"line":62,"column":3},"end":{"line":62,"column":null}}],"line":62},"2":{"loc":{"start":{"line":78,"column":20},"end":{"line":78,"column":null}},"type":"binary-expr","locations":[{"start":{"line":78,"column":20},"end":{"line":78,"column":42}},{"start":{"line":78,"column":42},"end":{"line":78,"column":null}}],"line":78},"3":{"loc":{"start":{"line":79,"column":18},"end":{"line":79,"column":null}},"type":"binary-expr","locations":[{"start":{"line":79,"column":18},"end":{"line":79,"column":38}},{"start":{"line":79,"column":38},"end":{"line":79,"column":null}}],"line":79},"4":{"loc":{"start":{"line":80,"column":17},"end":{"line":82,"column":null}},"type":"cond-expr","locations":[{"start":{"line":81,"column":14},"end":{"line":81,"column":null}},{"start":{"line":82,"column":14},"end":{"line":82,"column":null}}],"line":80},"5":{"loc":{"start":{"line":80,"column":17},"end":{"line":80,"column":null}},"type":"binary-expr","locations":[{"start":{"line":80,"column":17},"end":{"line":80,"column":46}},{"start":{"line":80,"column":46},"end":{"line":80,"column":null}}],"line":80},"6":{"loc":{"start":{"line":87,"column":22},"end":{"line":87,"column":44}},"type":"binary-expr","locations":[{"start":{"line":87,"column":22},"end":{"line":87,"column":40}},{"start":{"line":87,"column":40},"end":{"line":87,"column":44}}],"line":87},"7":{"loc":{"start":{"line":113,"column":16},"end":{"line":113,"column":null}},"type":"binary-expr","locations":[{"start":{"line":113,"column":16},"end":{"line":113,"column":28}},{"start":{"line":113,"column":28},"end":{"line":113,"column":null}}],"line":113},"8":{"loc":{"start":{"line":134,"column":4},"end":{"line":138,"column":null}},"type":"if","locations":[{"start":{"line":134,"column":4},"end":{"line":138,"column":null}},{"start":{},"end":{}}],"line":134},"9":{"loc":{"start":{"line":135,"column":24},"end":{"line":135,"column":null}},"type":"cond-expr","locations":[{"start":{"line":135,"column":49},"end":{"line":135,"column":58}},{"start":{"line":135,"column":58},"end":{"line":135,"column":null}}],"line":135},"10":{"loc":{"start":{"line":145,"column":11},"end":{"line":145,"column":null}},"type":"cond-expr","locations":[{"start":{"line":145,"column":49},"end":{"line":145,"column":56}},{"start":{"line":145,"column":56},"end":{"line":145,"column":null}}],"line":145},"11":{"loc":{"start":{"line":145,"column":11},"end":{"line":145,"column":49}},"type":"binary-expr","locations":[{"start":{"line":145,"column":11},"end":{"line":145,"column":37}},{"start":{"line":145,"column":37},"end":{"line":145,"column":49}}],"line":145},"12":{"loc":{"start":{"line":150,"column":11},"end":{"line":150,"column":null}},"type":"cond-expr","locations":[{"start":{"line":150,"column":50},"end":{"line":150,"column":58}},{"start":{"line":150,"column":58},"end":{"line":150,"column":null}}],"line":150},"13":{"loc":{"start":{"line":150,"column":11},"end":{"line":150,"column":50}},"type":"binary-expr","locations":[{"start":{"line":150,"column":11},"end":{"line":150,"column":38}},{"start":{"line":150,"column":38},"end":{"line":150,"column":50}}],"line":150},"14":{"loc":{"start":{"line":17,"column":13},"end":{"line":17,"column":26}},"type":"binary-expr","locations":[{"start":{"line":17,"column":13},"end":{"line":17,"column":26}},{"start":{"line":17,"column":13},"end":{"line":17,"column":26}}],"line":17},"15":{"loc":{"start":{"line":17,"column":26},"end":{"line":79,"column":null}},"type":"if","locations":[{"start":{"line":17,"column":26},"end":{"line":79,"column":null}},{"start":{},"end":{}}],"line":17},"16":{"loc":{"start":{"line":17,"column":13},"end":{"line":15,"column":null}},"type":"binary-expr","locations":[{"start":{"line":17,"column":13},"end":{"line":17,"column":26}},{"start":{"line":17,"column":13},"end":{"line":17,"column":26}},{"start":{"line":17,"column":13},"end":{"line":15,"column":null}}],"line":17},"17":{"loc":{"start":{"line":17,"column":13},"end":{"line":17,"column":null}},"type":"binary-expr","locations":[{"start":{"line":17,"column":13},"end":{"line":17,"column":26}},{"start":{"line":17,"column":13},"end":{"line":17,"column":26}},{"start":{"line":17,"column":13},"end":{"line":17,"column":null}}],"line":17}},"s":{"0":1,"1":8,"2":8,"3":8,"4":8,"5":8,"6":8,"7":8,"8":8,"9":8,"10":8,"11":8,"12":8,"13":8,"14":8,"15":1,"16":1,"17":1,"18":1,"19":4,"20":3,"21":8,"22":5,"23":5,"24":5,"25":5,"26":5,"27":4,"28":0,"29":1,"30":1,"31":1,"32":1,"33":0,"34":2,"35":1,"36":1,"37":1,"38":1,"39":5,"40":5,"41":6,"42":6,"43":1,"44":1,"45":13,"46":1},"f":{"0":8,"1":1,"2":4,"3":3,"4":5,"5":5,"6":4,"7":0,"8":1,"9":1,"10":0,"11":2,"12":5,"13":6,"14":1},"b":{"0":[4,4],"1":[8,0],"2":[5,1],"3":[5,1],"4":[4,1],"5":[5,1],"6":[5,1],"7":[1,0],"8":[1,1],"9":[1,0],"10":[4,1],"11":[5,5],"12":[5,1],"13":[6,6],"14":[8,8],"15":[8,5],"16":[1,1,1],"17":[1,1,1]},"meta":{"lastBranch":18,"lastFunction":15,"lastStatement":47,"seen":{"s:17:6:12:53":0,"f:9:0:9:1":0,"s:18:11:38:Infinity":1,"s:41:11:41:Infinity":2,"s:42:11:42:Infinity":3,"s:43:11:43:Infinity":4,"s:44:11:44:Infinity":5,"s:45:11:45:Infinity":6,"s:47:11:47:Infinity":7,"s:48:11:48:Infinity":8,"s:49:11:49:Infinity":9,"s:50:11:50:Infinity":10,"s:51:11:51:Infinity":11,"s:52:11:52:Infinity":12,"s:53:11:53:Infinity":13,"s:54:11:62:Infinity":14,"f:54:35:54:40":1,"s:55:20:55:Infinity":15,"s:56:17:56:Infinity":16,"s:57:18:57:Infinity":17,"s:59:4:61:Infinity":18,"f:60:14:60:15":2,"s:60:21:60:40":19,"b:60:21:60:31:60:31:60:40":0,"f:61:12:61:13":3,"s:61:22:61:27":20,"b:62:3:62:Infinity:62:3:62:Infinity":1,"s:65:11:68:Infinity":21,"f:71:2:71:10":4,"s:72:4:91:Infinity":22,"f:74:17:74:18":5,"s:75:37:82:Infinity":23,"b:78:20:78:42:78:42:78:Infinity":2,"b:79:18:79:38:79:38:79:Infinity":3,"b:81:14:81:Infinity:82:14:82:Infinity":4,"b:80:17:80:46:80:46:80:Infinity":5,"s:85:8:85:Infinity":24,"s:86:8:88:Infinity":25,"b:87:22:87:40:87:40:87:44":6,"s:90:8:90:Infinity":26,"f:94:2:94:14":6,"s:95:4:100:Infinity":27,"f:103:2:103:14":7,"s:104:4:106:Infinity":28,"f:109:2:109:14":8,"s:110:32:110:Infinity":29,"s:111:4:115:Infinity":30,"b:113:16:113:28:113:28:113:Infinity":7,"f:118:2:118:14":9,"s:119:4:119:Infinity":31,"s:120:4:126:Infinity":32,"f:129:2:129:21":10,"s:130:4:130:Infinity":33,"f:133:2:133:13":11,"b:134:4:138:Infinity:undefined:undefined:undefined:undefined":8,"s:134:4:138:Infinity":34,"s:135:24:135:Infinity":35,"b:135:49:135:58:135:58:135:Infinity":9,"s:136:6:136:Infinity":36,"s:137:6:137:Infinity":37,"s:140:4:140:Infinity":38,"f:143:10:143:20":12,"s:144:17:144:Infinity":39,"s:145:4:145:Infinity":40,"b:145:49:145:56:145:56:145:Infinity":10,"b:145:11:145:37:145:37:145:49":11,"f:148:10:148:21":13,"s:149:18:149:Infinity":41,"s:150:4:150:Infinity":42,"b:150:50:150:58:150:58:150:Infinity":12,"b:150:11:150:38:150:38:150:50":13,"s:17:13:17:Infinity":43,"b:17:13:17:26:17:13:17:26":14,"s:17:13:12:53":44,"f:17:26:17:Infinity":14,"b:17:26:79:Infinity:undefined:undefined:undefined:undefined":15,"s:17:26:79:Infinity":45,"s:17:13:15:Infinity":46,"b:17:13:17:26:17:13:17:26:17:13:15:Infinity":16,"b:17:13:17:26:17:13:17:26:17:13:17:Infinity":17}}}
,"C:\\Users\\Александра\\Desktop\\projects\\products\\products-table\\src\\services\\FetchService.ts": {"path":"C:\\Users\\Александра\\Desktop\\projects\\products\\products-table\\src\\services\\FetchService.ts","statementMap":{"0":{"start":{"line":7,"column":6},"end":{"line":5,"column":null}},"1":{"start":{"line":8,"column":2},"end":{"line":8,"column":null}},"2":{"start":{"line":9,"column":11},"end":{"line":9,"column":null}},"3":{"start":{"line":18,"column":52},"end":{"line":18,"column":null}},"4":{"start":{"line":19,"column":20},"end":{"line":19,"column":null}},"5":{"start":{"line":21,"column":17},"end":{"line":21,"column":null}},"6":{"start":{"line":23,"column":21},"end":{"line":25,"column":null}},"7":{"start":{"line":27,"column":4},"end":{"line":32,"column":null}},"8":{"start":{"line":28,"column":6},"end":{"line":28,"column":null}},"9":{"start":{"line":29,"column":6},"end":{"line":31,"column":null}},"10":{"start":{"line":30,"column":8},"end":{"line":30,"column":null}},"11":{"start":{"line":33,"column":4},"end":{"line":35,"column":null}},"12":{"start":{"line":38,"column":17},"end":{"line":38,"column":null}},"13":{"start":{"line":39,"column":23},"end":{"line":41,"column":null}},"14":{"start":{"line":43,"column":4},"end":{"line":45,"column":null}},"15":{"start":{"line":49,"column":4},"end":{"line":49,"column":null}},"16":{"start":{"line":7,"column":13},"end":{"line":7,"column":null}},"17":{"start":{"line":7,"column":13},"end":{"line":5,"column":null}},"18":{"start":{"line":7,"column":13},"end":{"line":6,"column":null}}},"fnMap":{"0":{"name":"(anonymous_0)","decl":{"start":{"line":4,"column":0},"end":{"line":4,"column":1}},"loc":{"start":{"line":4,"column":0},"end":{"line":9,"column":null}},"line":4},"1":{"name":"(anonymous_1)","decl":{"start":{"line":11,"column":2},"end":{"line":11,"column":14}},"loc":{"start":{"line":17,"column":3},"end":{"line":36,"column":null}},"line":17},"2":{"name":"(anonymous_2)","decl":{"start":{"line":37,"column":2},"end":{"line":37,"column":20}},"loc":{"start":{"line":37,"column":35},"end":{"line":47,"column":null}},"line":37},"3":{"name":"(anonymous_3)","decl":{"start":{"line":48,"column":2},"end":{"line":48,"column":13}},"loc":{"start":{"line":48,"column":22},"end":{"line":50,"column":null}},"line":48}},"branchMap":{"0":{"loc":{"start":{"line":19,"column":20},"end":{"line":19,"column":null}},"type":"cond-expr","locations":[{"start":{"line":19,"column":31},"end":{"line":19,"column":72}},{"start":{"line":19,"column":72},"end":{"line":19,"column":null}}],"line":19},"1":{"loc":{"start":{"line":27,"column":4},"end":{"line":32,"column":null}},"type":"if","locations":[{"start":{"line":27,"column":4},"end":{"line":32,"column":null}},{"start":{},"end":{}}],"line":27},"2":{"loc":{"start":{"line":29,"column":6},"end":{"line":31,"column":null}},"type":"if","locations":[{"start":{"line":29,"column":6},"end":{"line":31,"column":null}},{"start":{},"end":{}}],"line":29},"3":{"loc":{"start":{"line":7,"column":13},"end":{"line":7,"column":28}},"type":"binary-expr","locations":[{"start":{"line":7,"column":13},"end":{"line":7,"column":28}},{"start":{"line":7,"column":13},"end":{"line":7,"column":28}}],"line":7},"4":{"loc":{"start":{"line":7,"column":13},"end":{"line":6,"column":null}},"type":"binary-expr","locations":[{"start":{"line":7,"column":13},"end":{"line":7,"column":28}},{"start":{"line":7,"column":13},"end":{"line":7,"column":28}},{"start":{"line":7,"column":13},"end":{"line":6,"column":null}}],"line":7}},"s":{"0":5,"1":4,"2":4,"3":2,"4":2,"5":2,"6":2,"7":2,"8":1,"9":1,"10":1,"11":2,"12":1,"13":1,"14":1,"15":1,"16":4,"17":5,"18":5},"f":{"0":4,"1":2,"2":1,"3":1},"b":{"0":[1,1],"1":[1,1],"2":[1,0],"3":[4,4],"4":[5,5,5]},"meta":{"lastBranch":5,"lastFunction":4,"lastStatement":19,"seen":{"s:7:6:5:Infinity":0,"f:4:0:4:1":0,"s:8:2:8:Infinity":1,"s:9:11:9:Infinity":2,"f:11:2:11:14":1,"s:18:52:18:Infinity":3,"s:19:20:19:Infinity":4,"b:19:31:19:72:19:72:19:Infinity":0,"s:21:17:21:Infinity":5,"s:23:21:25:Infinity":6,"b:27:4:32:Infinity:undefined:undefined:undefined:undefined":1,"s:27:4:32:Infinity":7,"s:28:6:28:Infinity":8,"b:29:6:31:Infinity:undefined:undefined:undefined:undefined":2,"s:29:6:31:Infinity":9,"s:30:8:30:Infinity":10,"s:33:4:35:Infinity":11,"f:37:2:37:20":2,"s:38:17:38:Infinity":12,"s:39:23:41:Infinity":13,"s:43:4:45:Infinity":14,"f:48:2:48:13":3,"s:49:4:49:Infinity":15,"s:7:13:7:Infinity":16,"b:7:13:7:28:7:13:7:28":3,"s:7:13:5:Infinity":17,"s:7:13:6:Infinity":18,"b:7:13:7:28:7:13:7:28:7:13:6:Infinity":4}}}
,"C:\\Users\\Александра\\Desktop\\projects\\products\\products-table\\src\\store\\store.ts": {"path":"C:\\Users\\Александра\\Desktop\\projects\\products\\products-table\\src\\store\\store.ts","statementMap":{"0":{"start":{"line":19,"column":13},"end":{"line":97,"column":null}},"1":{"start":{"line":33,"column":10},"end":{"line":33,"column":null}},"2":{"start":{"line":34,"column":42},"end":{"line":34,"column":null}},"3":{"start":{"line":36,"column":4},"end":{"line":95,"column":null}},"4":{"start":{"line":46,"column":25},"end":{"line":46,"column":null}},"5":{"start":{"line":47,"column":26},"end":{"line":47,"column":null}},"6":{"start":{"line":48,"column":29},"end":{"line":48,"column":null}},"7":{"start":{"line":49,"column":27},"end":{"line":49,"column":null}},"8":{"start":{"line":50,"column":26},"end":{"line":50,"column":null}},"9":{"start":{"line":52,"column":8},"end":{"line":60,"column":null}},"10":{"start":{"line":62,"column":8},"end":{"line":62,"column":null}},"11":{"start":{"line":64,"column":8},"end":{"line":88,"column":null}},"12":{"start":{"line":74,"column":14},"end":{"line":78,"column":null}},"13":{"start":{"line":81,"column":14},"end":{"line":86,"column":null}},"14":{"start":{"line":91,"column":8},"end":{"line":94,"column":null}},"15":{"start":{"line":91,"column":27},"end":{"line":93,"column":null}}},"fnMap":{"0":{"name":"(anonymous_0)","decl":{"start":{"line":32,"column":14},"end":{"line":32,"column":15}},"loc":{"start":{"line":32,"column":24},"end":{"line":97,"column":3}},"line":32},"1":{"name":"(anonymous_1)","decl":{"start":{"line":37,"column":6},"end":{"line":37,"column":null}},"loc":{"start":{"line":44,"column":10},"end":{"line":89,"column":null}},"line":44},"2":{"name":"(anonymous_2)","decl":{"start":{"line":73,"column":18},"end":{"line":73,"column":19}},"loc":{"start":{"line":73,"column":31},"end":{"line":79,"column":null}},"line":73},"3":{"name":"(anonymous_3)","decl":{"start":{"line":80,"column":19},"end":{"line":80,"column":24}},"loc":{"start":{"line":80,"column":24},"end":{"line":87,"column":null}},"line":80},"4":{"name":"(anonymous_4)","decl":{"start":{"line":90,"column":6},"end":{"line":90,"column":18}},"loc":{"start":{"line":90,"column":47},"end":{"line":95,"column":null}},"line":90},"5":{"name":"(anonymous_5)","decl":{"start":{"line":91,"column":26},"end":{"line":91,"column":27}},"loc":{"start":{"line":91,"column":27},"end":{"line":93,"column":null}},"line":91}},"branchMap":{"0":{"loc":{"start":{"line":46,"column":25},"end":{"line":46,"column":null}},"type":"binary-expr","locations":[{"start":{"line":46,"column":25},"end":{"line":46,"column":41}},{"start":{"line":46,"column":41},"end":{"line":46,"column":null}}],"line":46},"1":{"loc":{"start":{"line":47,"column":26},"end":{"line":47,"column":null}},"type":"binary-expr","locations":[{"start":{"line":47,"column":26},"end":{"line":47,"column":43}},{"start":{"line":47,"column":43},"end":{"line":47,"column":null}}],"line":47},"2":{"loc":{"start":{"line":48,"column":29},"end":{"line":48,"column":null}},"type":"binary-expr","locations":[{"start":{"line":48,"column":29},"end":{"line":48,"column":49}},{"start":{"line":48,"column":49},"end":{"line":48,"column":null}}],"line":48},"3":{"loc":{"start":{"line":49,"column":27},"end":{"line":49,"column":null}},"type":"binary-expr","locations":[{"start":{"line":49,"column":27},"end":{"line":49,"column":45}},{"start":{"line":49,"column":45},"end":{"line":49,"column":null}}],"line":49},"4":{"loc":{"start":{"line":50,"column":26},"end":{"line":50,"column":null}},"type":"binary-expr","locations":[{"start":{"line":50,"column":26},"end":{"line":50,"column":43}},{"start":{"line":50,"column":43},"end":{"line":50,"column":null}}],"line":50}},"s":{"0":2,"1":11,"2":11,"3":11,"4":7,"5":7,"6":7,"7":7,"8":7,"9":7,"10":7,"11":7,"12":5,"13":2,"14":9,"15":9},"f":{"0":11,"1":7,"2":5,"3":2,"4":9,"5":9},"b":{"0":[7,1],"1":[7,0],"2":[7,2],"3":[7,3],"4":[7,3]},"meta":{"lastBranch":5,"lastFunction":6,"lastStatement":16,"seen":{"s:19:13:97:Infinity":0,"f:32:14:32:15":0,"s:33:10:33:Infinity":1,"s:34:42:34:Infinity":2,"s:36:4:95:Infinity":3,"f:37:6:37:Infinity":1,"s:46:25:46:Infinity":4,"b:46:25:46:41:46:41:46:Infinity":0,"s:47:26:47:Infinity":5,"b:47:26:47:43:47:43:47:Infinity":1,"s:48:29:48:Infinity":6,"b:48:29:48:49:48:49:48:Infinity":2,"s:49:27:49:Infinity":7,"b:49:27:49:45:49:45:49:Infinity":3,"s:50:26:50:Infinity":8,"b:50:26:50:43:50:43:50:Infinity":4,"s:52:8:60:Infinity":9,"s:62:8:62:Infinity":10,"s:64:8:88:Infinity":11,"f:73:18:73:19":2,"s:74:14:78:Infinity":12,"f:80:19:80:24":3,"s:81:14:86:Infinity":13,"f:90:6:90:18":4,"s:91:8:94:Infinity":14,"f:91:26:91:27":5,"s:91:27:93:Infinity":15}}}
}
